<?xml version="1.0" encoding="UTF-8"?>
<testsuite name="com.ceiba.estacionamiento.domain.pruebasunitarias.EstacionamientoDomainImplTestUnitaria" tests="20" skipped="0" failures="0" errors="0" timestamp="2019-01-21T12:13:13" hostname="STID-RODRIGUEZ" time="0.152">
  <properties/>
  <testcase name="validarIngresoVehiculoDiaNoHabilplacasA" classname="com.ceiba.estacionamiento.domain.pruebasunitarias.EstacionamientoDomainImplTestUnitaria" time="0.037"/>
  <testcase name="validarCantPuestosCarros" classname="com.ceiba.estacionamiento.domain.pruebasunitarias.EstacionamientoDomainImplTestUnitaria" time="0.002"/>
  <testcase name="validarCantPuestosMotos" classname="com.ceiba.estacionamiento.domain.pruebasunitarias.EstacionamientoDomainImplTestUnitaria" time="0.0"/>
  <testcase name="validarPuestosLlenosCarros" classname="com.ceiba.estacionamiento.domain.pruebasunitarias.EstacionamientoDomainImplTestUnitaria" time="0.008"/>
  <testcase name="validarIngresoVehiculosNoIniciaByA" classname="com.ceiba.estacionamiento.domain.pruebasunitarias.EstacionamientoDomainImplTestUnitaria" time="0.0"/>
  <testcase name="validarIngresoCarro" classname="com.ceiba.estacionamiento.domain.pruebasunitarias.EstacionamientoDomainImplTestUnitaria" time="0.007"/>
  <testcase name="validarIngresoCarroEstacionamientoLleno" classname="com.ceiba.estacionamiento.domain.pruebasunitarias.EstacionamientoDomainImplTestUnitaria" time="0.001"/>
  <testcase name="validarPuestosDisponiblesMotos" classname="com.ceiba.estacionamiento.domain.pruebasunitarias.EstacionamientoDomainImplTestUnitaria" time="0.0"/>
  <testcase name="validarObtencionListaVehiculos" classname="com.ceiba.estacionamiento.domain.pruebasunitarias.EstacionamientoDomainImplTestUnitaria" time="0.003"/>
  <testcase name="validarIngresoVehiculosByA" classname="com.ceiba.estacionamiento.domain.pruebasunitarias.EstacionamientoDomainImplTestUnitaria" time="0.0"/>
  <testcase name="validarPuestosDisponiblesCarros" classname="com.ceiba.estacionamiento.domain.pruebasunitarias.EstacionamientoDomainImplTestUnitaria" time="0.0"/>
  <testcase name="validarPuestosLlenosMotos" classname="com.ceiba.estacionamiento.domain.pruebasunitarias.EstacionamientoDomainImplTestUnitaria" time="0.001"/>
  <testcase name="probarValidacionRegistroSalidaCarro" classname="com.ceiba.estacionamiento.domain.pruebasunitarias.EstacionamientoDomainImplTestUnitaria" time="0.001"/>
  <testcase name="probarValidacionRegistroSalidaMoto" classname="com.ceiba.estacionamiento.domain.pruebasunitarias.EstacionamientoDomainImplTestUnitaria" time="0.001"/>
  <testcase name="validarCantPuestosMotosLlenos" classname="com.ceiba.estacionamiento.domain.pruebasunitarias.EstacionamientoDomainImplTestUnitaria" time="0.0"/>
  <testcase name="validarIngresoMoto" classname="com.ceiba.estacionamiento.domain.pruebasunitarias.EstacionamientoDomainImplTestUnitaria" time="0.001"/>
  <testcase name="validarIngresoMotoEstacionamientoLleno" classname="com.ceiba.estacionamiento.domain.pruebasunitarias.EstacionamientoDomainImplTestUnitaria" time="0.0"/>
  <testcase name="probarValidacionRegistroSalidaVehiculoPlacaNoExistente" classname="com.ceiba.estacionamiento.domain.pruebasunitarias.EstacionamientoDomainImplTestUnitaria" time="0.001"/>
  <testcase name="validarObtencionVehiculoByPlaca" classname="com.ceiba.estacionamiento.domain.pruebasunitarias.EstacionamientoDomainImplTestUnitaria" time="0.011"/>
  <testcase name="validarCantPuestosCarrosLLenos" classname="com.ceiba.estacionamiento.domain.pruebasunitarias.EstacionamientoDomainImplTestUnitaria" time="0.005"/>
  <system-out><![CDATA[]]></system-out>
  <system-err><![CDATA[]]></system-err>
</testsuite>
